HI,FR,ES,TR,PT,EN,JA,ZH,DE
FR,JA,ES,TR,HI,EN,ZH,PT,DE
EN,PT,HI,ZH,TR,ES,FR,JA,DE
ES,HI,PT,TR,DE,ZH,FR,JA,EN
ES,HI,TR,JA,FR,PT,ZH,DE,EN
TR,JA,DE,ZH,HI,FR,PT,ES,EN
JA,FR,PT,ZH,TR,DE,HI,EN,ES
DE,JA,FR,PT,TR,EN,HI,ZH,ES
JA,PT,DE,HI,ZH,FR,TR,EN,ES
ES,JA,HI,TR,PT,ZH,EN,DE,FR
HI,PT,ES,TR,ZH,EN,DE,JA,FR
ZH,JA,PT,TR,EN,DE,ES,HI,FR
ZH,EN,FR,JA,DE,TR,PT,ES,HI
EN,PT,TR,DE,ZH,JA,FR,ES,HI
ES,DE,JA,EN,PT,ZH,TR,FR,HI
HI,EN,ZH,FR,PT,ES,DE,TR,JA
FR,PT,ES,EN,TR,DE,ZH,HI,JA
DE,HI,TR,ES,PT,ZH,FR,EN,JA
ZH,JA,EN,HI,FR,ES,DE,TR,PT
TR,DE,ZH,EN,ES,FR,HI,JA,PT
DE,ES,ZH,JA,TR,EN,HI,FR,PT
ES,FR,HI,EN,PT,DE,JA,ZH,TR
PT,ES,ZH,FR,HI,JA,DE,EN,TR
ES,DE,HI,ZH,JA,EN,FR,PT,TR
PT,ES,TR,EN,DE,HI,FR,JA,ZH
FR,DE,PT,TR,JA,ES,EN,HI,ZH
PT,HI,EN,TR,JA,FR,DE,ES,ZH