DE,ES,HI,FR,ZH,JA,PT,EN,TR
DE,JA,HI,TR,ZH,ES,FR,EN,PT
DE,PT,ES,ZH,TR,EN,HI,JA,FR
EN,TR,ES,HI,FR,ZH,JA,DE,PT
EN,JA,FR,PT,ZH,TR,DE,HI,ES
EN,ES,TR,ZH,JA,FR,PT,DE,HI
ES,EN,PT,DE,ZH,FR,HI,JA,TR
ES,TR,JA,ZH,PT,HI,FR,EN,DE
ES,FR,ZH,PT,DE,TR,HI,EN,JA
FR,PT,EN,TR,ES,ZH,DE,HI,JA
FR,HI,DE,TR,PT,JA,EN,ZH,ES
FR,JA,ES,PT,EN,TR,DE,HI,ZH
HI,DE,TR,EN,ZH,JA,ES,FR,PT
HI,ZH,TR,FR,EN,PT,DE,ES,JA
HI,ZH,DE,JA,TR,PT,ES,FR,EN
JA,TR,EN,ZH,ES,PT,HI,DE,FR
JA,EN,FR,ES,ZH,PT,TR,HI,DE
JA,TR,EN,ZH,FR,DE,PT,HI,ES
PT,ES,TR,HI,ZH,EN,JA,DE,FR
PT,ES,EN,TR,HI,FR,DE,ZH,JA
PT,FR,EN,ZH,HI,TR,ES,JA,DE
TR,DE,JA,ES,PT,FR,HI,EN,ZH
TR,HI,JA,FR,DE,ZH,EN,PT,ES
TR,DE,EN,HI,ZH,JA,FR,ES,PT
ZH,ES,HI,FR,PT,JA,DE,EN,TR
ZH,ES,EN,FR,JA,HI,DE,TR,PT
ZH,JA,DE,TR,PT,EN,HI,ES,FR